{"/Users/haryelramalho/Documents/www/bootcamp/nivel03/appgobarber/src/components/Button/index.tsx": {"path":"/Users/haryelramalho/Documents/www/bootcamp/nivel03/appgobarber/src/components/Button/index.tsx","statementMap":{"0":{"start":{"line":11,"column":38},"end":{"line":16,"column":1}},"1":{"start":{"line":12,"column":2},"end":{"line":15,"column":14}}},"fnMap":{"0":{"name":"(anonymous_0)","decl":{"start":{"line":11,"column":38},"end":{"line":11,"column":39}},"loc":{"start":{"line":12,"column":2},"end":{"line":15,"column":14}},"line":12}},"branchMap":{},"s":{"0":1,"1":1},"f":{"0":1},"b":{},"_coverageSchema":"1a1c01bbd47fc00a2c39e90264f33305004495a9","hash":"7c573b0d65b9e469bf375abe33c5b0487ca941af"}
,"/Users/haryelramalho/Documents/www/bootcamp/nivel03/appgobarber/src/components/Input/index.tsx": {"path":"/Users/haryelramalho/Documents/www/bootcamp/nivel03/appgobarber/src/components/Input/index.tsx","statementMap":{"0":{"start":{"line":33,"column":68},"end":{"line":103,"column":1}},"1":{"start":{"line":37,"column":26},"end":{"line":37,"column":43}},"2":{"start":{"line":39,"column":65},"end":{"line":39,"column":79}},"3":{"start":{"line":40,"column":24},"end":{"line":40,"column":76}},"4":{"start":{"line":42,"column":36},"end":{"line":42,"column":51}},"5":{"start":{"line":43,"column":34},"end":{"line":43,"column":49}},"6":{"start":{"line":45,"column":27},"end":{"line":47,"column":8}},"7":{"start":{"line":46,"column":4},"end":{"line":46,"column":23}},"8":{"start":{"line":49,"column":26},"end":{"line":54,"column":8}},"9":{"start":{"line":50,"column":4},"end":{"line":50,"column":24}},"10":{"start":{"line":53,"column":4},"end":{"line":53,"column":47}},"11":{"start":{"line":57,"column":2},"end":{"line":61,"column":6}},"12":{"start":{"line":57,"column":34},"end":{"line":61,"column":3}},"13":{"start":{"line":59,"column":6},"end":{"line":59,"column":38}},"14":{"start":{"line":64,"column":2},"end":{"line":79,"column":33}},"15":{"start":{"line":65,"column":4},"end":{"line":78,"column":7}},"16":{"start":{"line":81,"column":2},"end":{"line":102,"column":4}},"17":{"start":{"line":97,"column":10},"end":{"line":97,"column":46}}},"fnMap":{"0":{"name":"(anonymous_0)","decl":{"start":{"line":33,"column":68},"end":{"line":33,"column":69}},"loc":{"start":{"line":36,"column":5},"end":{"line":103,"column":1}},"line":36},"1":{"name":"(anonymous_1)","decl":{"start":{"line":45,"column":39},"end":{"line":45,"column":40}},"loc":{"start":{"line":45,"column":45},"end":{"line":47,"column":3}},"line":45},"2":{"name":"(anonymous_2)","decl":{"start":{"line":49,"column":38},"end":{"line":49,"column":39}},"loc":{"start":{"line":49,"column":44},"end":{"line":54,"column":3}},"line":49},"3":{"name":"(anonymous_3)","decl":{"start":{"line":57,"column":27},"end":{"line":57,"column":28}},"loc":{"start":{"line":57,"column":34},"end":{"line":61,"column":3}},"line":57},"4":{"name":"(anonymous_4)","decl":{"start":{"line":58,"column":4},"end":{"line":58,"column":5}},"loc":{"start":{"line":58,"column":12},"end":{"line":60,"column":5}},"line":58},"5":{"name":"(anonymous_5)","decl":{"start":{"line":64,"column":12},"end":{"line":64,"column":13}},"loc":{"start":{"line":64,"column":18},"end":{"line":79,"column":3}},"line":64},"6":{"name":"(anonymous_6)","decl":{"start":{"line":96,"column":22},"end":{"line":96,"column":23}},"loc":{"start":{"line":96,"column":31},"end":{"line":98,"column":9}},"line":96}},"branchMap":{"0":{"loc":{"start":{"line":34,"column":16},"end":{"line":34,"column":35}},"type":"default-arg","locations":[{"start":{"line":34,"column":33},"end":{"line":34,"column":35}}],"line":34},"1":{"loc":{"start":{"line":39,"column":25},"end":{"line":39,"column":42}},"type":"default-arg","locations":[{"start":{"line":39,"column":40},"end":{"line":39,"column":42}}],"line":39},"2":{"loc":{"start":{"line":87,"column":15},"end":{"line":87,"column":60}},"type":"cond-expr","locations":[{"start":{"line":87,"column":39},"end":{"line":87,"column":48}},{"start":{"line":87,"column":51},"end":{"line":87,"column":60}}],"line":87},"3":{"loc":{"start":{"line":87,"column":15},"end":{"line":87,"column":36}},"type":"binary-expr","locations":[{"start":{"line":87,"column":15},"end":{"line":87,"column":24}},{"start":{"line":87,"column":28},"end":{"line":87,"column":36}}],"line":87}},"s":{"0":1,"1":2,"2":2,"3":2,"4":2,"5":2,"6":2,"7":0,"8":2,"9":0,"10":0,"11":2,"12":1,"13":0,"14":2,"15":2,"16":2,"17":0},"f":{"0":2,"1":0,"2":0,"3":1,"4":0,"5":2,"6":0},"b":{"0":[2],"1":[2],"2":[0,2],"3":[2,2]},"_coverageSchema":"1a1c01bbd47fc00a2c39e90264f33305004495a9","hash":"23955c843fce8980cdfbea1ce4388b86fdd4a143"}
,"/Users/haryelramalho/Documents/www/bootcamp/nivel03/appgobarber/src/hooks/auth.tsx": {"path":"/Users/haryelramalho/Documents/www/bootcamp/nivel03/appgobarber/src/hooks/auth.tsx","statementMap":{"0":{"start":{"line":38,"column":20},"end":{"line":38,"column":73}},"1":{"start":{"line":40,"column":38},"end":{"line":120,"column":1}},"2":{"start":{"line":42,"column":26},"end":{"line":42,"column":62}},"3":{"start":{"line":43,"column":32},"end":{"line":43,"column":46}},"4":{"start":{"line":47,"column":2},"end":{"line":72,"column":9}},"5":{"start":{"line":50,"column":28},"end":{"line":53,"column":8}},"6":{"start":{"line":60,"column":6},"end":{"line":66,"column":7}},"7":{"start":{"line":62,"column":8},"end":{"line":62,"column":64}},"8":{"start":{"line":65,"column":8},"end":{"line":65,"column":66}},"9":{"start":{"line":68,"column":6},"end":{"line":68,"column":24}},"10":{"start":{"line":71,"column":4},"end":{"line":71,"column":23}},"11":{"start":{"line":74,"column":17},"end":{"line":92,"column":8}},"12":{"start":{"line":75,"column":21},"end":{"line":78,"column":6}},"13":{"start":{"line":80,"column":28},"end":{"line":80,"column":41}},"14":{"start":{"line":82,"column":4},"end":{"line":85,"column":7}},"15":{"start":{"line":89,"column":4},"end":{"line":89,"column":59}},"16":{"start":{"line":91,"column":4},"end":{"line":91,"column":29}},"17":{"start":{"line":94,"column":18},"end":{"line":99,"column":8}},"18":{"start":{"line":95,"column":4},"end":{"line":95,"column":74}},"19":{"start":{"line":98,"column":4},"end":{"line":98,"column":29}},"20":{"start":{"line":101,"column":21},"end":{"line":111,"column":3}},"21":{"start":{"line":103,"column":6},"end":{"line":103,"column":73}},"22":{"start":{"line":105,"column":6},"end":{"line":108,"column":9}},"23":{"start":{"line":113,"column":2},"end":{"line":119,"column":4}},"24":{"start":{"line":124,"column":18},"end":{"line":124,"column":41}},"25":{"start":{"line":128,"column":2},"end":{"line":130,"column":3}},"26":{"start":{"line":129,"column":4},"end":{"line":129,"column":67}},"27":{"start":{"line":132,"column":2},"end":{"line":132,"column":17}}},"fnMap":{"0":{"name":"(anonymous_0)","decl":{"start":{"line":40,"column":38},"end":{"line":40,"column":39}},"loc":{"start":{"line":40,"column":56},"end":{"line":120,"column":1}},"line":40},"1":{"name":"(anonymous_1)","decl":{"start":{"line":47,"column":12},"end":{"line":47,"column":13}},"loc":{"start":{"line":47,"column":18},"end":{"line":72,"column":3}},"line":47},"2":{"name":"loadStoragedData","decl":{"start":{"line":49,"column":19},"end":{"line":49,"column":35}},"loc":{"start":{"line":49,"column":53},"end":{"line":69,"column":5}},"line":49},"3":{"name":"(anonymous_3)","decl":{"start":{"line":74,"column":29},"end":{"line":74,"column":30}},"loc":{"start":{"line":74,"column":60},"end":{"line":92,"column":3}},"line":74},"4":{"name":"(anonymous_4)","decl":{"start":{"line":94,"column":30},"end":{"line":94,"column":31}},"loc":{"start":{"line":94,"column":42},"end":{"line":99,"column":3}},"line":94},"5":{"name":"(anonymous_5)","decl":{"start":{"line":102,"column":4},"end":{"line":102,"column":5}},"loc":{"start":{"line":102,"column":26},"end":{"line":109,"column":5}},"line":102},"6":{"name":"useAuth","decl":{"start":{"line":123,"column":16},"end":{"line":123,"column":23}},"loc":{"start":{"line":123,"column":43},"end":{"line":133,"column":1}},"line":123}},"branchMap":{"0":{"loc":{"start":{"line":60,"column":6},"end":{"line":66,"column":7}},"type":"if","locations":[{"start":{"line":60,"column":6},"end":{"line":66,"column":7}},{"start":{"line":60,"column":6},"end":{"line":66,"column":7}}],"line":60},"1":{"loc":{"start":{"line":60,"column":10},"end":{"line":60,"column":29}},"type":"binary-expr","locations":[{"start":{"line":60,"column":10},"end":{"line":60,"column":18}},{"start":{"line":60,"column":22},"end":{"line":60,"column":29}}],"line":60},"2":{"loc":{"start":{"line":128,"column":2},"end":{"line":130,"column":3}},"type":"if","locations":[{"start":{"line":128,"column":2},"end":{"line":130,"column":3}},{"start":{"line":128,"column":2},"end":{"line":130,"column":3}}],"line":128}},"s":{"0":1,"1":1,"2":0,"3":0,"4":0,"5":0,"6":0,"7":0,"8":0,"9":0,"10":0,"11":0,"12":0,"13":0,"14":0,"15":0,"16":0,"17":0,"18":0,"19":0,"20":0,"21":0,"22":0,"23":0,"24":1,"25":1,"26":0,"27":1},"f":{"0":0,"1":0,"2":0,"3":0,"4":0,"5":0,"6":1},"b":{"0":[0,0],"1":[0,0],"2":[0,1]},"_coverageSchema":"1a1c01bbd47fc00a2c39e90264f33305004495a9","hash":"41ae22f7b69616b32b5d00c599c0bb05dde6dd9c"}
,"/Users/haryelramalho/Documents/www/bootcamp/nivel03/appgobarber/src/pages/AppointmentCreated/index.tsx": {"path":"/Users/haryelramalho/Documents/www/bootcamp/nivel03/appgobarber/src/pages/AppointmentCreated/index.tsx","statementMap":{"0":{"start":{"line":19,"column":37},"end":{"line":56,"column":1}},"1":{"start":{"line":20,"column":20},"end":{"line":20,"column":35}},"2":{"start":{"line":21,"column":21},"end":{"line":21,"column":31}},"3":{"start":{"line":23,"column":22},"end":{"line":23,"column":44}},"4":{"start":{"line":25,"column":26},"end":{"line":34,"column":13}},"5":{"start":{"line":29,"column":4},"end":{"line":33,"column":7}},"6":{"start":{"line":36,"column":24},"end":{"line":42,"column":24}},"7":{"start":{"line":37,"column":4},"end":{"line":41,"column":6}},"8":{"start":{"line":44,"column":2},"end":{"line":55,"column":4}}},"fnMap":{"0":{"name":"(anonymous_0)","decl":{"start":{"line":19,"column":37},"end":{"line":19,"column":38}},"loc":{"start":{"line":19,"column":43},"end":{"line":56,"column":1}},"line":19},"1":{"name":"(anonymous_1)","decl":{"start":{"line":25,"column":38},"end":{"line":25,"column":39}},"loc":{"start":{"line":25,"column":44},"end":{"line":34,"column":3}},"line":25},"2":{"name":"(anonymous_2)","decl":{"start":{"line":36,"column":32},"end":{"line":36,"column":33}},"loc":{"start":{"line":36,"column":38},"end":{"line":42,"column":3}},"line":36}},"branchMap":{},"s":{"0":0,"1":0,"2":0,"3":0,"4":0,"5":0,"6":0,"7":0,"8":0},"f":{"0":0,"1":0,"2":0},"b":{}}
,"/Users/haryelramalho/Documents/www/bootcamp/nivel03/appgobarber/src/pages/CreateAppointment/index.tsx": {"path":"/Users/haryelramalho/Documents/www/bootcamp/nivel03/appgobarber/src/pages/CreateAppointment/index.tsx","statementMap":{"0":{"start":{"line":54,"column":36},"end":{"line":271,"column":1}},"1":{"start":{"line":55,"column":19},"end":{"line":55,"column":28}},"2":{"start":{"line":56,"column":16},"end":{"line":56,"column":26}},"3":{"start":{"line":57,"column":31},"end":{"line":57,"column":46}},"4":{"start":{"line":58,"column":22},"end":{"line":58,"column":49}},"5":{"start":{"line":60,"column":42},"end":{"line":60,"column":75}},"6":{"start":{"line":61,"column":46},"end":{"line":61,"column":61}},"7":{"start":{"line":62,"column":42},"end":{"line":62,"column":62}},"8":{"start":{"line":63,"column":42},"end":{"line":63,"column":53}},"9":{"start":{"line":64,"column":36},"end":{"line":64,"column":60}},"10":{"start":{"line":65,"column":50},"end":{"line":67,"column":3}},"11":{"start":{"line":69,"column":2},"end":{"line":73,"column":9}},"12":{"start":{"line":70,"column":4},"end":{"line":72,"column":7}},"13":{"start":{"line":71,"column":6},"end":{"line":71,"column":34}},"14":{"start":{"line":75,"column":2},"end":{"line":87,"column":39}},"15":{"start":{"line":76,"column":4},"end":{"line":86,"column":9}},"16":{"start":{"line":85,"column":8},"end":{"line":85,"column":39}},"17":{"start":{"line":89,"column":23},"end":{"line":91,"column":14}},"18":{"start":{"line":90,"column":4},"end":{"line":90,"column":13}},"19":{"start":{"line":93,"column":31},"end":{"line":95,"column":8}},"20":{"start":{"line":94,"column":4},"end":{"line":94,"column":36}},"21":{"start":{"line":97,"column":33},"end":{"line":101,"column":8}},"22":{"start":{"line":100,"column":4},"end":{"line":100,"column":39}},"23":{"start":{"line":100,"column":31},"end":{"line":100,"column":37}},"24":{"start":{"line":103,"column":28},"end":{"line":112,"column":3}},"25":{"start":{"line":107,"column":6},"end":{"line":107,"column":62}},"26":{"start":{"line":107,"column":37},"end":{"line":107,"column":62}},"27":{"start":{"line":109,"column":6},"end":{"line":109,"column":38}},"28":{"start":{"line":109,"column":16},"end":{"line":109,"column":38}},"29":{"start":{"line":114,"column":27},"end":{"line":116,"column":8}},"30":{"start":{"line":115,"column":4},"end":{"line":115,"column":26}},"31":{"start":{"line":118,"column":34},"end":{"line":139,"column":62}},"32":{"start":{"line":119,"column":4},"end":{"line":138,"column":5}},"33":{"start":{"line":120,"column":19},"end":{"line":120,"column":41}},"34":{"start":{"line":122,"column":6},"end":{"line":122,"column":34}},"35":{"start":{"line":123,"column":6},"end":{"line":123,"column":25}},"36":{"start":{"line":125,"column":6},"end":{"line":128,"column":9}},"37":{"start":{"line":132,"column":6},"end":{"line":132,"column":63}},"38":{"start":{"line":134,"column":6},"end":{"line":137,"column":8}},"39":{"start":{"line":141,"column":30},"end":{"line":151,"column":20}},"40":{"start":{"line":142,"column":4},"end":{"line":150,"column":9}},"41":{"start":{"line":143,"column":28},"end":{"line":143,"column":37}},"42":{"start":{"line":145,"column":8},"end":{"line":149,"column":10}},"43":{"start":{"line":153,"column":32},"end":{"line":163,"column":20}},"44":{"start":{"line":154,"column":4},"end":{"line":162,"column":9}},"45":{"start":{"line":155,"column":28},"end":{"line":155,"column":38}},"46":{"start":{"line":157,"column":8},"end":{"line":161,"column":10}},"47":{"start":{"line":165,"column":2},"end":{"line":270,"column":4}},"48":{"start":{"line":183,"column":38},"end":{"line":183,"column":49}},"49":{"start":{"line":185,"column":14},"end":{"line":195,"column":34}},"50":{"start":{"line":187,"column":18},"end":{"line":187,"column":52}},"51":{"start":{"line":227,"column":16},"end":{"line":237,"column":23}},"52":{"start":{"line":232,"column":33},"end":{"line":232,"column":55}},"53":{"start":{"line":248,"column":18},"end":{"line":258,"column":25}},"54":{"start":{"line":253,"column":35},"end":{"line":253,"column":57}}},"fnMap":{"0":{"name":"(anonymous_0)","decl":{"start":{"line":54,"column":36},"end":{"line":54,"column":37}},"loc":{"start":{"line":54,"column":42},"end":{"line":271,"column":1}},"line":54},"1":{"name":"(anonymous_1)","decl":{"start":{"line":69,"column":12},"end":{"line":69,"column":13}},"loc":{"start":{"line":69,"column":18},"end":{"line":73,"column":3}},"line":69},"2":{"name":"(anonymous_2)","decl":{"start":{"line":70,"column":30},"end":{"line":70,"column":31}},"loc":{"start":{"line":70,"column":42},"end":{"line":72,"column":5}},"line":70},"3":{"name":"(anonymous_3)","decl":{"start":{"line":75,"column":12},"end":{"line":75,"column":13}},"loc":{"start":{"line":75,"column":18},"end":{"line":87,"column":3}},"line":75},"4":{"name":"(anonymous_4)","decl":{"start":{"line":84,"column":12},"end":{"line":84,"column":13}},"loc":{"start":{"line":84,"column":24},"end":{"line":86,"column":7}},"line":84},"5":{"name":"(anonymous_5)","decl":{"start":{"line":89,"column":35},"end":{"line":89,"column":36}},"loc":{"start":{"line":89,"column":41},"end":{"line":91,"column":3}},"line":89},"6":{"name":"(anonymous_6)","decl":{"start":{"line":93,"column":43},"end":{"line":93,"column":44}},"loc":{"start":{"line":93,"column":67},"end":{"line":95,"column":3}},"line":93},"7":{"name":"(anonymous_7)","decl":{"start":{"line":97,"column":45},"end":{"line":97,"column":46}},"loc":{"start":{"line":97,"column":51},"end":{"line":101,"column":3}},"line":97},"8":{"name":"(anonymous_8)","decl":{"start":{"line":100,"column":22},"end":{"line":100,"column":23}},"loc":{"start":{"line":100,"column":31},"end":{"line":100,"column":37}},"line":100},"9":{"name":"(anonymous_9)","decl":{"start":{"line":104,"column":4},"end":{"line":104,"column":5}},"loc":{"start":{"line":104,"column":44},"end":{"line":110,"column":5}},"line":104},"10":{"name":"(anonymous_10)","decl":{"start":{"line":114,"column":39},"end":{"line":114,"column":40}},"loc":{"start":{"line":114,"column":57},"end":{"line":116,"column":3}},"line":114},"11":{"name":"(anonymous_11)","decl":{"start":{"line":118,"column":46},"end":{"line":118,"column":47}},"loc":{"start":{"line":118,"column":58},"end":{"line":139,"column":3}},"line":118},"12":{"name":"(anonymous_12)","decl":{"start":{"line":141,"column":38},"end":{"line":141,"column":39}},"loc":{"start":{"line":141,"column":44},"end":{"line":151,"column":3}},"line":141},"13":{"name":"(anonymous_13)","decl":{"start":{"line":143,"column":14},"end":{"line":143,"column":15}},"loc":{"start":{"line":143,"column":28},"end":{"line":143,"column":37}},"line":143},"14":{"name":"(anonymous_14)","decl":{"start":{"line":144,"column":11},"end":{"line":144,"column":12}},"loc":{"start":{"line":144,"column":36},"end":{"line":150,"column":7}},"line":144},"15":{"name":"(anonymous_15)","decl":{"start":{"line":153,"column":40},"end":{"line":153,"column":41}},"loc":{"start":{"line":153,"column":46},"end":{"line":163,"column":3}},"line":153},"16":{"name":"(anonymous_16)","decl":{"start":{"line":155,"column":14},"end":{"line":155,"column":15}},"loc":{"start":{"line":155,"column":28},"end":{"line":155,"column":38}},"line":155},"17":{"name":"(anonymous_17)","decl":{"start":{"line":156,"column":11},"end":{"line":156,"column":12}},"loc":{"start":{"line":156,"column":36},"end":{"line":162,"column":7}},"line":156},"18":{"name":"(anonymous_18)","decl":{"start":{"line":183,"column":26},"end":{"line":183,"column":27}},"loc":{"start":{"line":183,"column":38},"end":{"line":183,"column":49}},"line":183},"19":{"name":"(anonymous_19)","decl":{"start":{"line":184,"column":24},"end":{"line":184,"column":25}},"loc":{"start":{"line":185,"column":14},"end":{"line":195,"column":34}},"line":185},"20":{"name":"(anonymous_20)","decl":{"start":{"line":186,"column":25},"end":{"line":186,"column":26}},"loc":{"start":{"line":186,"column":31},"end":{"line":188,"column":17}},"line":186},"21":{"name":"(anonymous_21)","decl":{"start":{"line":226,"column":39},"end":{"line":226,"column":40}},"loc":{"start":{"line":227,"column":16},"end":{"line":237,"column":23}},"line":227},"22":{"name":"(anonymous_22)","decl":{"start":{"line":232,"column":27},"end":{"line":232,"column":28}},"loc":{"start":{"line":232,"column":33},"end":{"line":232,"column":55}},"line":232},"23":{"name":"(anonymous_23)","decl":{"start":{"line":247,"column":16},"end":{"line":247,"column":17}},"loc":{"start":{"line":248,"column":18},"end":{"line":258,"column":25}},"line":248},"24":{"name":"(anonymous_24)","decl":{"start":{"line":253,"column":29},"end":{"line":253,"column":30}},"loc":{"start":{"line":253,"column":35},"end":{"line":253,"column":57}},"line":253}},"branchMap":{"0":{"loc":{"start":{"line":107,"column":6},"end":{"line":107,"column":62}},"type":"if","locations":[{"start":{"line":107,"column":6},"end":{"line":107,"column":62}},{"start":{"line":107,"column":6},"end":{"line":107,"column":62}}],"line":107},"1":{"loc":{"start":{"line":109,"column":6},"end":{"line":109,"column":38}},"type":"if","locations":[{"start":{"line":109,"column":6},"end":{"line":109,"column":38}},{"start":{"line":109,"column":6},"end":{"line":109,"column":38}}],"line":109},"2":{"loc":{"start":{"line":209,"column":11},"end":{"line":216,"column":11}},"type":"binary-expr","locations":[{"start":{"line":209,"column":11},"end":{"line":209,"column":25}},{"start":{"line":210,"column":12},"end":{"line":215,"column":14}}],"line":209}},"s":{"0":0,"1":0,"2":0,"3":0,"4":0,"5":0,"6":0,"7":0,"8":0,"9":0,"10":0,"11":0,"12":0,"13":0,"14":0,"15":0,"16":0,"17":0,"18":0,"19":0,"20":0,"21":0,"22":0,"23":0,"24":0,"25":0,"26":0,"27":0,"28":0,"29":0,"30":0,"31":0,"32":0,"33":0,"34":0,"35":0,"36":0,"37":0,"38":0,"39":0,"40":0,"41":0,"42":0,"43":0,"44":0,"45":0,"46":0,"47":0,"48":0,"49":0,"50":0,"51":0,"52":0,"53":0,"54":0},"f":{"0":0,"1":0,"2":0,"3":0,"4":0,"5":0,"6":0,"7":0,"8":0,"9":0,"10":0,"11":0,"12":0,"13":0,"14":0,"15":0,"16":0,"17":0,"18":0,"19":0,"20":0,"21":0,"22":0,"23":0,"24":0},"b":{"0":[0,0],"1":[0,0],"2":[0,0]}}
,"/Users/haryelramalho/Documents/www/bootcamp/nivel03/appgobarber/src/pages/Dashboard/index.tsx": {"path":"/Users/haryelramalho/Documents/www/bootcamp/nivel03/appgobarber/src/pages/Dashboard/index.tsx","statementMap":{"0":{"start":{"line":35,"column":28},"end":{"line":105,"column":1}},"1":{"start":{"line":36,"column":36},"end":{"line":36,"column":60}},"2":{"start":{"line":38,"column":28},"end":{"line":38,"column":37}},"3":{"start":{"line":39,"column":23},"end":{"line":39,"column":38}},"4":{"start":{"line":41,"column":2},"end":{"line":45,"column":9}},"5":{"start":{"line":42,"column":4},"end":{"line":44,"column":7}},"6":{"start":{"line":43,"column":6},"end":{"line":43,"column":34}},"7":{"start":{"line":47,"column":28},"end":{"line":49,"column":16}},"8":{"start":{"line":48,"column":4},"end":{"line":48,"column":24}},"9":{"start":{"line":51,"column":38},"end":{"line":56,"column":3}},"10":{"start":{"line":53,"column":6},"end":{"line":53,"column":52}},"11":{"start":{"line":58,"column":2},"end":{"line":104,"column":4}},"12":{"start":{"line":73,"column":34},"end":{"line":73,"column":45}},"13":{"start":{"line":78,"column":10},"end":{"line":100,"column":30}},"14":{"start":{"line":82,"column":14},"end":{"line":82,"column":55}}},"fnMap":{"0":{"name":"(anonymous_0)","decl":{"start":{"line":35,"column":28},"end":{"line":35,"column":29}},"loc":{"start":{"line":35,"column":34},"end":{"line":105,"column":1}},"line":35},"1":{"name":"(anonymous_1)","decl":{"start":{"line":41,"column":12},"end":{"line":41,"column":13}},"loc":{"start":{"line":41,"column":18},"end":{"line":45,"column":3}},"line":41},"2":{"name":"(anonymous_2)","decl":{"start":{"line":42,"column":30},"end":{"line":42,"column":31}},"loc":{"start":{"line":42,"column":42},"end":{"line":44,"column":5}},"line":42},"3":{"name":"(anonymous_3)","decl":{"start":{"line":47,"column":40},"end":{"line":47,"column":41}},"loc":{"start":{"line":47,"column":46},"end":{"line":49,"column":3}},"line":47},"4":{"name":"(anonymous_4)","decl":{"start":{"line":52,"column":4},"end":{"line":52,"column":5}},"loc":{"start":{"line":52,"column":28},"end":{"line":54,"column":5}},"line":52},"5":{"name":"(anonymous_5)","decl":{"start":{"line":73,"column":22},"end":{"line":73,"column":23}},"loc":{"start":{"line":73,"column":34},"end":{"line":73,"column":45}},"line":73},"6":{"name":"(anonymous_6)","decl":{"start":{"line":77,"column":20},"end":{"line":77,"column":21}},"loc":{"start":{"line":78,"column":10},"end":{"line":100,"column":30}},"line":78},"7":{"name":"(anonymous_7)","decl":{"start":{"line":81,"column":21},"end":{"line":81,"column":22}},"loc":{"start":{"line":81,"column":27},"end":{"line":83,"column":13}},"line":81}},"branchMap":{},"s":{"0":0,"1":0,"2":0,"3":0,"4":0,"5":0,"6":0,"7":0,"8":0,"9":0,"10":0,"11":0,"12":0,"13":0,"14":0},"f":{"0":0,"1":0,"2":0,"3":0,"4":0,"5":0,"6":0,"7":0},"b":{}}
,"/Users/haryelramalho/Documents/www/bootcamp/nivel03/appgobarber/src/pages/Profile/index.tsx": {"path":"/Users/haryelramalho/Documents/www/bootcamp/nivel03/appgobarber/src/pages/Profile/index.tsx","statementMap":{"0":{"start":{"line":45,"column":25},"end":{"line":283,"column":1}},"1":{"start":{"line":46,"column":31},"end":{"line":46,"column":40}},"2":{"start":{"line":48,"column":18},"end":{"line":48,"column":43}},"3":{"start":{"line":49,"column":21},"end":{"line":49,"column":36}},"4":{"start":{"line":51,"column":24},"end":{"line":51,"column":47}},"5":{"start":{"line":52,"column":30},"end":{"line":52,"column":53}},"6":{"start":{"line":53,"column":27},"end":{"line":53,"column":50}},"7":{"start":{"line":54,"column":34},"end":{"line":54,"column":57}},"8":{"start":{"line":56,"column":23},"end":{"line":138,"column":3}},"9":{"start":{"line":58,"column":6},"end":{"line":135,"column":7}},"10":{"start":{"line":60,"column":8},"end":{"line":60,"column":39}},"11":{"start":{"line":62,"column":23},"end":{"line":82,"column":10}},"12":{"start":{"line":69,"column":23},"end":{"line":69,"column":35}},"13":{"start":{"line":77,"column":25},"end":{"line":77,"column":37}},"14":{"start":{"line":84,"column":8},"end":{"line":90,"column":11}},"15":{"start":{"line":98,"column":12},"end":{"line":98,"column":16}},"16":{"start":{"line":103,"column":25},"end":{"line":113,"column":9}},"17":{"start":{"line":115,"column":25},"end":{"line":115,"column":60}},"18":{"start":{"line":117,"column":8},"end":{"line":117,"column":34}},"19":{"start":{"line":119,"column":8},"end":{"line":119,"column":54}},"20":{"start":{"line":121,"column":8},"end":{"line":121,"column":28}},"21":{"start":{"line":123,"column":8},"end":{"line":129,"column":9}},"22":{"start":{"line":124,"column":25},"end":{"line":124,"column":49}},"23":{"start":{"line":126,"column":10},"end":{"line":126,"column":45}},"24":{"start":{"line":128,"column":10},"end":{"line":128,"column":17}},"25":{"start":{"line":131,"column":8},"end":{"line":134,"column":10}},"26":{"start":{"line":140,"column":29},"end":{"line":169,"column":27}},"27":{"start":{"line":141,"column":4},"end":{"line":168,"column":6}},"28":{"start":{"line":149,"column":8},"end":{"line":149,"column":39}},"29":{"start":{"line":149,"column":32},"end":{"line":149,"column":39}},"30":{"start":{"line":151,"column":8},"end":{"line":154,"column":9}},"31":{"start":{"line":152,"column":10},"end":{"line":152,"column":55}},"32":{"start":{"line":153,"column":10},"end":{"line":153,"column":17}},"33":{"start":{"line":156,"column":21},"end":{"line":156,"column":35}},"34":{"start":{"line":158,"column":8},"end":{"line":162,"column":11}},"35":{"start":{"line":164,"column":8},"end":{"line":166,"column":11}},"36":{"start":{"line":165,"column":10},"end":{"line":165,"column":39}},"37":{"start":{"line":171,"column":23},"end":{"line":173,"column":18}},"38":{"start":{"line":172,"column":4},"end":{"line":172,"column":24}},"39":{"start":{"line":175,"column":2},"end":{"line":282,"column":4}},"40":{"start":{"line":213,"column":18},"end":{"line":213,"column":49}},"41":{"start":{"line":226,"column":18},"end":{"line":226,"column":55}},"42":{"start":{"line":241,"column":18},"end":{"line":241,"column":52}},"43":{"start":{"line":254,"column":18},"end":{"line":254,"column":59}},"44":{"start":{"line":266,"column":39},"end":{"line":266,"column":68}},"45":{"start":{"line":272,"column":18},"end":{"line":272,"column":48}}},"fnMap":{"0":{"name":"(anonymous_0)","decl":{"start":{"line":45,"column":25},"end":{"line":45,"column":26}},"loc":{"start":{"line":45,"column":31},"end":{"line":283,"column":1}},"line":45},"1":{"name":"(anonymous_1)","decl":{"start":{"line":57,"column":4},"end":{"line":57,"column":5}},"loc":{"start":{"line":57,"column":37},"end":{"line":136,"column":5}},"line":57},"2":{"name":"(anonymous_2)","decl":{"start":{"line":69,"column":16},"end":{"line":69,"column":17}},"loc":{"start":{"line":69,"column":23},"end":{"line":69,"column":35}},"line":69},"3":{"name":"(anonymous_3)","decl":{"start":{"line":77,"column":18},"end":{"line":77,"column":19}},"loc":{"start":{"line":77,"column":25},"end":{"line":77,"column":37}},"line":77},"4":{"name":"(anonymous_4)","decl":{"start":{"line":140,"column":41},"end":{"line":140,"column":42}},"loc":{"start":{"line":140,"column":47},"end":{"line":169,"column":3}},"line":140},"5":{"name":"(anonymous_5)","decl":{"start":{"line":148,"column":6},"end":{"line":148,"column":7}},"loc":{"start":{"line":148,"column":18},"end":{"line":167,"column":7}},"line":148},"6":{"name":"(anonymous_6)","decl":{"start":{"line":164,"column":45},"end":{"line":164,"column":46}},"loc":{"start":{"line":164,"column":60},"end":{"line":166,"column":9}},"line":164},"7":{"name":"(anonymous_7)","decl":{"start":{"line":171,"column":35},"end":{"line":171,"column":36}},"loc":{"start":{"line":171,"column":41},"end":{"line":173,"column":3}},"line":171},"8":{"name":"(anonymous_8)","decl":{"start":{"line":212,"column":33},"end":{"line":212,"column":34}},"loc":{"start":{"line":212,"column":39},"end":{"line":214,"column":17}},"line":212},"9":{"name":"(anonymous_9)","decl":{"start":{"line":225,"column":33},"end":{"line":225,"column":34}},"loc":{"start":{"line":225,"column":39},"end":{"line":227,"column":17}},"line":225},"10":{"name":"(anonymous_10)","decl":{"start":{"line":240,"column":33},"end":{"line":240,"column":34}},"loc":{"start":{"line":240,"column":39},"end":{"line":242,"column":17}},"line":240},"11":{"name":"(anonymous_11)","decl":{"start":{"line":253,"column":33},"end":{"line":253,"column":34}},"loc":{"start":{"line":253,"column":39},"end":{"line":255,"column":17}},"line":253},"12":{"name":"(anonymous_12)","decl":{"start":{"line":266,"column":33},"end":{"line":266,"column":34}},"loc":{"start":{"line":266,"column":39},"end":{"line":266,"column":68}},"line":266},"13":{"name":"(anonymous_13)","decl":{"start":{"line":270,"column":25},"end":{"line":270,"column":26}},"loc":{"start":{"line":270,"column":31},"end":{"line":273,"column":17}},"line":270}},"branchMap":{"0":{"loc":{"start":{"line":106,"column":14},"end":{"line":112,"column":16}},"type":"cond-expr","locations":[{"start":{"line":107,"column":14},"end":{"line":111,"column":15}},{"start":{"line":112,"column":14},"end":{"line":112,"column":16}}],"line":106},"1":{"loc":{"start":{"line":123,"column":8},"end":{"line":129,"column":9}},"type":"if","locations":[{"start":{"line":123,"column":8},"end":{"line":129,"column":9}},{"start":{"line":123,"column":8},"end":{"line":129,"column":9}}],"line":123},"2":{"loc":{"start":{"line":149,"column":8},"end":{"line":149,"column":39}},"type":"if","locations":[{"start":{"line":149,"column":8},"end":{"line":149,"column":39}},{"start":{"line":149,"column":8},"end":{"line":149,"column":39}}],"line":149},"3":{"loc":{"start":{"line":151,"column":8},"end":{"line":154,"column":9}},"type":"if","locations":[{"start":{"line":151,"column":8},"end":{"line":154,"column":9}},{"start":{"line":151,"column":8},"end":{"line":154,"column":9}}],"line":151},"4":{"loc":{"start":{"line":180,"column":18},"end":{"line":180,"column":63}},"type":"cond-expr","locations":[{"start":{"line":180,"column":42},"end":{"line":180,"column":51}},{"start":{"line":180,"column":54},"end":{"line":180,"column":63}}],"line":180}},"s":{"0":0,"1":0,"2":0,"3":0,"4":0,"5":0,"6":0,"7":0,"8":0,"9":0,"10":0,"11":0,"12":0,"13":0,"14":0,"15":0,"16":0,"17":0,"18":0,"19":0,"20":0,"21":0,"22":0,"23":0,"24":0,"25":0,"26":0,"27":0,"28":0,"29":0,"30":0,"31":0,"32":0,"33":0,"34":0,"35":0,"36":0,"37":0,"38":0,"39":0,"40":0,"41":0,"42":0,"43":0,"44":0,"45":0},"f":{"0":0,"1":0,"2":0,"3":0,"4":0,"5":0,"6":0,"7":0,"8":0,"9":0,"10":0,"11":0,"12":0,"13":0},"b":{"0":[0,0],"1":[0,0],"2":[0,0],"3":[0,0],"4":[0,0]}}
,"/Users/haryelramalho/Documents/www/bootcamp/nivel03/appgobarber/src/pages/SignIn/index.tsx": {"path":"/Users/haryelramalho/Documents/www/bootcamp/nivel03/appgobarber/src/pages/SignIn/index.tsx","statementMap":{"0":{"start":{"line":41,"column":25},"end":{"line":176,"column":1}},"1":{"start":{"line":43,"column":18},"end":{"line":43,"column":43}},"2":{"start":{"line":44,"column":27},"end":{"line":44,"column":50}},"3":{"start":{"line":46,"column":21},"end":{"line":46,"column":36}},"4":{"start":{"line":48,"column":27},"end":{"line":48,"column":36}},"5":{"start":{"line":50,"column":23},"end":{"line":91,"column":3}},"6":{"start":{"line":52,"column":6},"end":{"line":88,"column":7}},"7":{"start":{"line":54,"column":8},"end":{"line":54,"column":39}},"8":{"start":{"line":56,"column":23},"end":{"line":61,"column":10}},"9":{"start":{"line":63,"column":8},"end":{"line":69,"column":11}},"10":{"start":{"line":71,"column":8},"end":{"line":74,"column":11}},"11":{"start":{"line":76,"column":8},"end":{"line":82,"column":9}},"12":{"start":{"line":77,"column":25},"end":{"line":77,"column":49}},"13":{"start":{"line":79,"column":10},"end":{"line":79,"column":45}},"14":{"start":{"line":81,"column":10},"end":{"line":81,"column":17}},"15":{"start":{"line":84,"column":8},"end":{"line":87,"column":10}},"16":{"start":{"line":93,"column":2},"end":{"line":175,"column":4}},"17":{"start":{"line":128,"column":18},"end":{"line":128,"column":52}},"18":{"start":{"line":142,"column":18},"end":{"line":142,"column":48}},"19":{"start":{"line":148,"column":18},"end":{"line":148,"column":48}},"20":{"start":{"line":157,"column":16},"end":{"line":157,"column":46}},"21":{"start":{"line":168,"column":10},"end":{"line":168,"column":40}}},"fnMap":{"0":{"name":"(anonymous_0)","decl":{"start":{"line":41,"column":25},"end":{"line":41,"column":26}},"loc":{"start":{"line":41,"column":31},"end":{"line":176,"column":1}},"line":41},"1":{"name":"(anonymous_1)","decl":{"start":{"line":51,"column":4},"end":{"line":51,"column":5}},"loc":{"start":{"line":51,"column":36},"end":{"line":89,"column":5}},"line":51},"2":{"name":"(anonymous_2)","decl":{"start":{"line":127,"column":33},"end":{"line":127,"column":34}},"loc":{"start":{"line":127,"column":39},"end":{"line":129,"column":17}},"line":127},"3":{"name":"(anonymous_3)","decl":{"start":{"line":141,"column":33},"end":{"line":141,"column":34}},"loc":{"start":{"line":141,"column":39},"end":{"line":143,"column":17}},"line":141},"4":{"name":"(anonymous_4)","decl":{"start":{"line":147,"column":25},"end":{"line":147,"column":26}},"loc":{"start":{"line":147,"column":31},"end":{"line":149,"column":17}},"line":147},"5":{"name":"(anonymous_5)","decl":{"start":{"line":156,"column":23},"end":{"line":156,"column":24}},"loc":{"start":{"line":156,"column":29},"end":{"line":158,"column":15}},"line":156},"6":{"name":"(anonymous_6)","decl":{"start":{"line":167,"column":17},"end":{"line":167,"column":18}},"loc":{"start":{"line":167,"column":23},"end":{"line":169,"column":9}},"line":167}},"branchMap":{"0":{"loc":{"start":{"line":76,"column":8},"end":{"line":82,"column":9}},"type":"if","locations":[{"start":{"line":76,"column":8},"end":{"line":82,"column":9}},{"start":{"line":76,"column":8},"end":{"line":82,"column":9}}],"line":76},"1":{"loc":{"start":{"line":98,"column":18},"end":{"line":98,"column":63}},"type":"cond-expr","locations":[{"start":{"line":98,"column":42},"end":{"line":98,"column":51}},{"start":{"line":98,"column":54},"end":{"line":98,"column":63}}],"line":98}},"s":{"0":1,"1":1,"2":1,"3":1,"4":1,"5":1,"6":0,"7":0,"8":0,"9":0,"10":0,"11":0,"12":0,"13":0,"14":0,"15":0,"16":1,"17":0,"18":0,"19":0,"20":0,"21":0},"f":{"0":1,"1":0,"2":0,"3":0,"4":0,"5":0,"6":0},"b":{"0":[0,0],"1":[1,0]},"_coverageSchema":"1a1c01bbd47fc00a2c39e90264f33305004495a9","hash":"2029588e60681d35f6702d64e2f1cda38ce0e56e"}
,"/Users/haryelramalho/Documents/www/bootcamp/nivel03/appgobarber/src/pages/SignUp/index.tsx": {"path":"/Users/haryelramalho/Documents/www/bootcamp/nivel03/appgobarber/src/pages/SignUp/index.tsx","statementMap":{"0":{"start":{"line":35,"column":25},"end":{"line":174,"column":1}},"1":{"start":{"line":36,"column":18},"end":{"line":36,"column":43}},"2":{"start":{"line":37,"column":21},"end":{"line":37,"column":36}},"3":{"start":{"line":39,"column":24},"end":{"line":39,"column":47}},"4":{"start":{"line":40,"column":27},"end":{"line":40,"column":50}},"5":{"start":{"line":42,"column":23},"end":{"line":88,"column":3}},"6":{"start":{"line":44,"column":6},"end":{"line":85,"column":7}},"7":{"start":{"line":46,"column":8},"end":{"line":46,"column":39}},"8":{"start":{"line":48,"column":23},"end":{"line":54,"column":10}},"9":{"start":{"line":56,"column":8},"end":{"line":62,"column":11}},"10":{"start":{"line":64,"column":8},"end":{"line":64,"column":39}},"11":{"start":{"line":66,"column":8},"end":{"line":69,"column":10}},"12":{"start":{"line":71,"column":8},"end":{"line":71,"column":28}},"13":{"start":{"line":73,"column":8},"end":{"line":79,"column":9}},"14":{"start":{"line":74,"column":25},"end":{"line":74,"column":49}},"15":{"start":{"line":76,"column":10},"end":{"line":76,"column":45}},"16":{"start":{"line":78,"column":10},"end":{"line":78,"column":17}},"17":{"start":{"line":81,"column":8},"end":{"line":84,"column":10}},"18":{"start":{"line":90,"column":2},"end":{"line":173,"column":4}},"19":{"start":{"line":122,"column":18},"end":{"line":122,"column":49}},"20":{"start":{"line":135,"column":18},"end":{"line":135,"column":52}},"21":{"start":{"line":148,"column":39},"end":{"line":148,"column":68}},"22":{"start":{"line":154,"column":18},"end":{"line":154,"column":48}},"23":{"start":{"line":166,"column":10},"end":{"line":166,"column":30}}},"fnMap":{"0":{"name":"(anonymous_0)","decl":{"start":{"line":35,"column":25},"end":{"line":35,"column":26}},"loc":{"start":{"line":35,"column":31},"end":{"line":174,"column":1}},"line":35},"1":{"name":"(anonymous_1)","decl":{"start":{"line":43,"column":4},"end":{"line":43,"column":5}},"loc":{"start":{"line":43,"column":36},"end":{"line":86,"column":5}},"line":43},"2":{"name":"(anonymous_2)","decl":{"start":{"line":121,"column":33},"end":{"line":121,"column":34}},"loc":{"start":{"line":121,"column":39},"end":{"line":123,"column":17}},"line":121},"3":{"name":"(anonymous_3)","decl":{"start":{"line":134,"column":33},"end":{"line":134,"column":34}},"loc":{"start":{"line":134,"column":39},"end":{"line":136,"column":17}},"line":134},"4":{"name":"(anonymous_4)","decl":{"start":{"line":148,"column":33},"end":{"line":148,"column":34}},"loc":{"start":{"line":148,"column":39},"end":{"line":148,"column":68}},"line":148},"5":{"name":"(anonymous_5)","decl":{"start":{"line":152,"column":25},"end":{"line":152,"column":26}},"loc":{"start":{"line":152,"column":31},"end":{"line":155,"column":17}},"line":152},"6":{"name":"(anonymous_6)","decl":{"start":{"line":165,"column":17},"end":{"line":165,"column":18}},"loc":{"start":{"line":165,"column":23},"end":{"line":167,"column":9}},"line":165}},"branchMap":{"0":{"loc":{"start":{"line":73,"column":8},"end":{"line":79,"column":9}},"type":"if","locations":[{"start":{"line":73,"column":8},"end":{"line":79,"column":9}},{"start":{"line":73,"column":8},"end":{"line":79,"column":9}}],"line":73},"1":{"loc":{"start":{"line":95,"column":18},"end":{"line":95,"column":63}},"type":"cond-expr","locations":[{"start":{"line":95,"column":42},"end":{"line":95,"column":51}},{"start":{"line":95,"column":54},"end":{"line":95,"column":63}}],"line":95}},"s":{"0":0,"1":0,"2":0,"3":0,"4":0,"5":0,"6":0,"7":0,"8":0,"9":0,"10":0,"11":0,"12":0,"13":0,"14":0,"15":0,"16":0,"17":0,"18":0,"19":0,"20":0,"21":0,"22":0,"23":0},"f":{"0":0,"1":0,"2":0,"3":0,"4":0,"5":0,"6":0},"b":{"0":[0,0],"1":[0,0]}}
}
