TN:
SF:src/components/Button/index.tsx
FN:11,(anonymous_0)
FNF:1
FNH:1
FNDA:1,(anonymous_0)
DA:11,1
DA:12,1
LF:2
LH:2
BRF:0
BRH:0
end_of_record
TN:
SF:src/components/Input/index.tsx
FN:33,(anonymous_0)
FN:45,(anonymous_1)
FN:49,(anonymous_2)
FN:57,(anonymous_3)
FN:58,(anonymous_4)
FN:64,(anonymous_5)
FN:96,(anonymous_6)
FNF:7
FNH:3
FNDA:2,(anonymous_0)
FNDA:0,(anonymous_1)
FNDA:0,(anonymous_2)
FNDA:1,(anonymous_3)
FNDA:0,(anonymous_4)
FNDA:2,(anonymous_5)
FNDA:0,(anonymous_6)
DA:33,1
DA:37,2
DA:39,2
DA:40,2
DA:42,2
DA:43,2
DA:45,2
DA:46,0
DA:49,2
DA:50,0
DA:53,0
DA:57,2
DA:59,0
DA:64,2
DA:65,2
DA:81,2
DA:97,0
LF:17
LH:12
BRDA:34,0,0,2
BRDA:39,1,0,2
BRDA:87,2,0,0
BRDA:87,2,1,2
BRDA:87,3,0,2
BRDA:87,3,1,2
BRF:6
BRH:5
end_of_record
TN:
SF:src/hooks/auth.tsx
FN:40,(anonymous_0)
FN:47,(anonymous_1)
FN:49,loadStoragedData
FN:74,(anonymous_3)
FN:94,(anonymous_4)
FN:102,(anonymous_5)
FN:123,useAuth
FNF:7
FNH:1
FNDA:0,(anonymous_0)
FNDA:0,(anonymous_1)
FNDA:0,loadStoragedData
FNDA:0,(anonymous_3)
FNDA:0,(anonymous_4)
FNDA:0,(anonymous_5)
FNDA:1,useAuth
DA:38,1
DA:40,1
DA:42,0
DA:43,0
DA:47,0
DA:50,0
DA:60,0
DA:62,0
DA:65,0
DA:68,0
DA:71,0
DA:74,0
DA:75,0
DA:80,0
DA:82,0
DA:89,0
DA:91,0
DA:94,0
DA:95,0
DA:98,0
DA:101,0
DA:103,0
DA:105,0
DA:113,0
DA:124,1
DA:128,1
DA:129,0
DA:132,1
LF:28
LH:5
BRDA:60,0,0,0
BRDA:60,0,1,0
BRDA:60,1,0,0
BRDA:60,1,1,0
BRDA:128,2,0,0
BRDA:128,2,1,1
BRF:6
BRH:1
end_of_record
TN:
SF:src/pages/AppointmentCreated/index.tsx
FN:19,(anonymous_0)
FN:25,(anonymous_1)
FN:36,(anonymous_2)
FNF:3
FNH:0
FNDA:0,(anonymous_0)
FNDA:0,(anonymous_1)
FNDA:0,(anonymous_2)
DA:19,0
DA:20,0
DA:21,0
DA:23,0
DA:25,0
DA:29,0
DA:36,0
DA:37,0
DA:44,0
LF:9
LH:0
BRF:0
BRH:0
end_of_record
TN:
SF:src/pages/CreateAppointment/index.tsx
FN:54,(anonymous_0)
FN:69,(anonymous_1)
FN:70,(anonymous_2)
FN:75,(anonymous_3)
FN:84,(anonymous_4)
FN:89,(anonymous_5)
FN:93,(anonymous_6)
FN:97,(anonymous_7)
FN:100,(anonymous_8)
FN:104,(anonymous_9)
FN:114,(anonymous_10)
FN:118,(anonymous_11)
FN:141,(anonymous_12)
FN:143,(anonymous_13)
FN:144,(anonymous_14)
FN:153,(anonymous_15)
FN:155,(anonymous_16)
FN:156,(anonymous_17)
FN:183,(anonymous_18)
FN:184,(anonymous_19)
FN:186,(anonymous_20)
FN:226,(anonymous_21)
FN:232,(anonymous_22)
FN:247,(anonymous_23)
FN:253,(anonymous_24)
FNF:25
FNH:0
FNDA:0,(anonymous_0)
FNDA:0,(anonymous_1)
FNDA:0,(anonymous_2)
FNDA:0,(anonymous_3)
FNDA:0,(anonymous_4)
FNDA:0,(anonymous_5)
FNDA:0,(anonymous_6)
FNDA:0,(anonymous_7)
FNDA:0,(anonymous_8)
FNDA:0,(anonymous_9)
FNDA:0,(anonymous_10)
FNDA:0,(anonymous_11)
FNDA:0,(anonymous_12)
FNDA:0,(anonymous_13)
FNDA:0,(anonymous_14)
FNDA:0,(anonymous_15)
FNDA:0,(anonymous_16)
FNDA:0,(anonymous_17)
FNDA:0,(anonymous_18)
FNDA:0,(anonymous_19)
FNDA:0,(anonymous_20)
FNDA:0,(anonymous_21)
FNDA:0,(anonymous_22)
FNDA:0,(anonymous_23)
FNDA:0,(anonymous_24)
DA:54,0
DA:55,0
DA:56,0
DA:57,0
DA:58,0
DA:60,0
DA:61,0
DA:62,0
DA:63,0
DA:64,0
DA:65,0
DA:69,0
DA:70,0
DA:71,0
DA:75,0
DA:76,0
DA:85,0
DA:89,0
DA:90,0
DA:93,0
DA:94,0
DA:97,0
DA:100,0
DA:103,0
DA:107,0
DA:109,0
DA:114,0
DA:115,0
DA:118,0
DA:119,0
DA:120,0
DA:122,0
DA:123,0
DA:125,0
DA:132,0
DA:134,0
DA:141,0
DA:142,0
DA:143,0
DA:145,0
DA:153,0
DA:154,0
DA:155,0
DA:157,0
DA:165,0
DA:183,0
DA:185,0
DA:187,0
DA:227,0
DA:232,0
DA:248,0
DA:253,0
LF:52
LH:0
BRDA:107,0,0,0
BRDA:107,0,1,0
BRDA:109,1,0,0
BRDA:109,1,1,0
BRDA:209,2,0,0
BRDA:209,2,1,0
BRF:6
BRH:0
end_of_record
TN:
SF:src/pages/Dashboard/index.tsx
FN:35,(anonymous_0)
FN:41,(anonymous_1)
FN:42,(anonymous_2)
FN:47,(anonymous_3)
FN:52,(anonymous_4)
FN:73,(anonymous_5)
FN:77,(anonymous_6)
FN:81,(anonymous_7)
FNF:8
FNH:0
FNDA:0,(anonymous_0)
FNDA:0,(anonymous_1)
FNDA:0,(anonymous_2)
FNDA:0,(anonymous_3)
FNDA:0,(anonymous_4)
FNDA:0,(anonymous_5)
FNDA:0,(anonymous_6)
FNDA:0,(anonymous_7)
DA:35,0
DA:36,0
DA:38,0
DA:39,0
DA:41,0
DA:42,0
DA:43,0
DA:47,0
DA:48,0
DA:51,0
DA:53,0
DA:58,0
DA:73,0
DA:78,0
DA:82,0
LF:15
LH:0
BRF:0
BRH:0
end_of_record
TN:
SF:src/pages/Profile/index.tsx
FN:45,(anonymous_0)
FN:57,(anonymous_1)
FN:69,(anonymous_2)
FN:77,(anonymous_3)
FN:140,(anonymous_4)
FN:148,(anonymous_5)
FN:164,(anonymous_6)
FN:171,(anonymous_7)
FN:212,(anonymous_8)
FN:225,(anonymous_9)
FN:240,(anonymous_10)
FN:253,(anonymous_11)
FN:266,(anonymous_12)
FN:270,(anonymous_13)
FNF:14
FNH:0
FNDA:0,(anonymous_0)
FNDA:0,(anonymous_1)
FNDA:0,(anonymous_2)
FNDA:0,(anonymous_3)
FNDA:0,(anonymous_4)
FNDA:0,(anonymous_5)
FNDA:0,(anonymous_6)
FNDA:0,(anonymous_7)
FNDA:0,(anonymous_8)
FNDA:0,(anonymous_9)
FNDA:0,(anonymous_10)
FNDA:0,(anonymous_11)
FNDA:0,(anonymous_12)
FNDA:0,(anonymous_13)
DA:45,0
DA:46,0
DA:48,0
DA:49,0
DA:51,0
DA:52,0
DA:53,0
DA:54,0
DA:56,0
DA:58,0
DA:60,0
DA:62,0
DA:69,0
DA:77,0
DA:84,0
DA:98,0
DA:103,0
DA:115,0
DA:117,0
DA:119,0
DA:121,0
DA:123,0
DA:124,0
DA:126,0
DA:128,0
DA:131,0
DA:140,0
DA:141,0
DA:149,0
DA:151,0
DA:152,0
DA:153,0
DA:156,0
DA:158,0
DA:164,0
DA:165,0
DA:171,0
DA:172,0
DA:175,0
DA:213,0
DA:226,0
DA:241,0
DA:254,0
DA:266,0
DA:272,0
LF:45
LH:0
BRDA:106,0,0,0
BRDA:106,0,1,0
BRDA:123,1,0,0
BRDA:123,1,1,0
BRDA:149,2,0,0
BRDA:149,2,1,0
BRDA:151,3,0,0
BRDA:151,3,1,0
BRDA:180,4,0,0
BRDA:180,4,1,0
BRF:10
BRH:0
end_of_record
TN:
SF:src/pages/SignIn/index.tsx
FN:41,(anonymous_0)
FN:51,(anonymous_1)
FN:127,(anonymous_2)
FN:141,(anonymous_3)
FN:147,(anonymous_4)
FN:156,(anonymous_5)
FN:167,(anonymous_6)
FNF:7
FNH:1
FNDA:1,(anonymous_0)
FNDA:0,(anonymous_1)
FNDA:0,(anonymous_2)
FNDA:0,(anonymous_3)
FNDA:0,(anonymous_4)
FNDA:0,(anonymous_5)
FNDA:0,(anonymous_6)
DA:41,1
DA:43,1
DA:44,1
DA:46,1
DA:48,1
DA:50,1
DA:52,0
DA:54,0
DA:56,0
DA:63,0
DA:71,0
DA:76,0
DA:77,0
DA:79,0
DA:81,0
DA:84,0
DA:93,1
DA:128,0
DA:142,0
DA:148,0
DA:157,0
DA:168,0
LF:22
LH:7
BRDA:76,0,0,0
BRDA:76,0,1,0
BRDA:98,1,0,1
BRDA:98,1,1,0
BRF:4
BRH:1
end_of_record
TN:
SF:src/pages/SignUp/index.tsx
FN:35,(anonymous_0)
FN:43,(anonymous_1)
FN:121,(anonymous_2)
FN:134,(anonymous_3)
FN:148,(anonymous_4)
FN:152,(anonymous_5)
FN:165,(anonymous_6)
FNF:7
FNH:0
FNDA:0,(anonymous_0)
FNDA:0,(anonymous_1)
FNDA:0,(anonymous_2)
FNDA:0,(anonymous_3)
FNDA:0,(anonymous_4)
FNDA:0,(anonymous_5)
FNDA:0,(anonymous_6)
DA:35,0
DA:36,0
DA:37,0
DA:39,0
DA:40,0
DA:42,0
DA:44,0
DA:46,0
DA:48,0
DA:56,0
DA:64,0
DA:66,0
DA:71,0
DA:73,0
DA:74,0
DA:76,0
DA:78,0
DA:81,0
DA:90,0
DA:122,0
DA:135,0
DA:148,0
DA:154,0
DA:166,0
LF:24
LH:0
BRDA:73,0,0,0
BRDA:73,0,1,0
BRDA:95,1,0,0
BRDA:95,1,1,0
BRF:4
BRH:0
end_of_record
